<?xml version="1.0" encoding="UTF-8"?>
<testsuite xmlns:xsi="http://www.w3.org/2001/XMLSchema-instance" xsi:noNamespaceSchemaLocation="https://maven.apache.org/surefire/maven-surefire-plugin/xsd/surefire-test-report.xsd" name="ru.geekbrains.AppTest" time="0.048" tests="1" errors="0" skipped="0" failures="0">
  <properties>
    <property name="gopherProxySet" value="false"/>
    <property name="awt.toolkit" value="sun.lwawt.macosx.LWCToolkit"/>
    <property name="file.encoding.pkg" value="sun.io"/>
    <property name="java.specification.version" value="1.8"/>
    <property name="sun.cpu.isalist" value=""/>
    <property name="sun.jnu.encoding" value="UTF-8"/>
    <property name="java.class.path" value="/Users/anna/IdeaProjects/Web_UI_maven_quickstart/target/test-classes:/Users/anna/IdeaProjects/Web_UI_maven_quickstart/target/classes:/Users/anna/.m2/repository/junit/junit/4.11/junit-4.11.jar:/Users/anna/.m2/repository/org/hamcrest/hamcrest-core/1.3/hamcrest-core-1.3.jar:"/>
    <property name="java.vm.vendor" value="Amazon.com Inc."/>
    <property name="sun.arch.data.model" value="64"/>
    <property name="java.vendor.url" value="https://aws.amazon.com/corretto/"/>
    <property name="user.timezone" value=""/>
    <property name="java.vm.specification.version" value="1.8"/>
    <property name="os.name" value="Mac OS X"/>
    <property name="user.country" value="RU"/>
    <property name="sun.java.launcher" value="SUN_STANDARD"/>
    <property name="sun.boot.library.path" value="/Users/anna/Library/Java/JavaVirtualMachines/corretto-1.8.0_312/Contents/Home/jre/lib"/>
    <property name="sun.java.command" value="/Users/anna/IdeaProjects/Web_UI_maven_quickstart/target/surefire/surefirebooter2850060491906544855.jar /Users/anna/IdeaProjects/Web_UI_maven_quickstart/target/surefire 2021-12-07T22-24-26_547-jvmRun1 surefire3338630343557013263tmp surefire_0677368871297454317tmp"/>
    <property name="http.nonProxyHosts" value="local|*.local|169.254/16|*.169.254/16"/>
    <property name="surefire.test.class.path" value="/Users/anna/IdeaProjects/Web_UI_maven_quickstart/target/test-classes:/Users/anna/IdeaProjects/Web_UI_maven_quickstart/target/classes:/Users/anna/.m2/repository/junit/junit/4.11/junit-4.11.jar:/Users/anna/.m2/repository/org/hamcrest/hamcrest-core/1.3/hamcrest-core-1.3.jar:"/>
    <property name="sun.cpu.endian" value="little"/>
    <property name="user.home" value="/Users/anna"/>
    <property name="user.language" value="ru"/>
    <property name="java.specification.vendor" value="Oracle Corporation"/>
    <property name="java.home" value="/Users/anna/Library/Java/JavaVirtualMachines/corretto-1.8.0_312/Contents/Home/jre"/>
    <property name="basedir" value="/Users/anna/IdeaProjects/Web_UI_maven_quickstart"/>
    <property name="file.separator" value="/"/>
    <property name="line.separator" value="&#10;"/>
    <property name="java.vm.specification.vendor" value="Oracle Corporation"/>
    <property name="java.specification.name" value="Java Platform API Specification"/>
    <property name="java.awt.graphicsenv" value="sun.awt.CGraphicsEnvironment"/>
    <property name="surefire.real.class.path" value="/Users/anna/IdeaProjects/Web_UI_maven_quickstart/target/surefire/surefirebooter2850060491906544855.jar"/>
    <property name="sun.boot.class.path" value="/Users/anna/Library/Java/JavaVirtualMachines/corretto-1.8.0_312/Contents/Home/jre/lib/resources.jar:/Users/anna/Library/Java/JavaVirtualMachines/corretto-1.8.0_312/Contents/Home/jre/lib/rt.jar:/Users/anna/Library/Java/JavaVirtualMachines/corretto-1.8.0_312/Contents/Home/jre/lib/sunrsasign.jar:/Users/anna/Library/Java/JavaVirtualMachines/corretto-1.8.0_312/Contents/Home/jre/lib/jsse.jar:/Users/anna/Library/Java/JavaVirtualMachines/corretto-1.8.0_312/Contents/Home/jre/lib/jce.jar:/Users/anna/Library/Java/JavaVirtualMachines/corretto-1.8.0_312/Contents/Home/jre/lib/charsets.jar:/Users/anna/Library/Java/JavaVirtualMachines/corretto-1.8.0_312/Contents/Home/jre/lib/jfr.jar:/Users/anna/Library/Java/JavaVirtualMachines/corretto-1.8.0_312/Contents/Home/jre/classes"/>
    <property name="sun.management.compiler" value="HotSpot 64-Bit Tiered Compilers"/>
    <property name="ftp.nonProxyHosts" value="local|*.local|169.254/16|*.169.254/16"/>
    <property name="java.runtime.version" value="1.8.0_312-b07"/>
    <property name="user.name" value="anna"/>
    <property name="path.separator" value=":"/>
    <property name="os.version" value="12.0.1"/>
    <property name="java.endorsed.dirs" value="/Users/anna/Library/Java/JavaVirtualMachines/corretto-1.8.0_312/Contents/Home/jre/lib/endorsed"/>
    <property name="java.runtime.name" value="OpenJDK Runtime Environment"/>
    <property name="file.encoding" value="UTF-8"/>
    <property name="java.vm.name" value="OpenJDK 64-Bit Server VM"/>
    <property name="localRepository" value="/Users/anna/.m2/repository"/>
    <property name="java.vendor.url.bug" value="https://github.com/corretto/corretto-8/issues/"/>
    <property name="java.io.tmpdir" value="/var/folders/jb/lz9mxsqn5s18mqfnj_fbdct00000gn/T/"/>
    <property name="idea.version" value="2021.2.3"/>
    <property name="java.version" value="1.8.0_312"/>
    <property name="user.dir" value="/Users/anna/IdeaProjects/Web_UI_maven_quickstart"/>
    <property name="os.arch" value="x86_64"/>
    <property name="java.vm.specification.name" value="Java Virtual Machine Specification"/>
    <property name="java.awt.printerjob" value="sun.lwawt.macosx.CPrinterJob"/>
    <property name="sun.os.patch.level" value="unknown"/>
    <property name="java.library.path" value="/Users/anna/Library/Java/Extensions:/Library/Java/Extensions:/Network/Library/Java/Extensions:/System/Library/Java/Extensions:/usr/lib/java:."/>
    <property name="java.vm.info" value="mixed mode"/>
    <property name="java.vendor" value="Amazon.com Inc."/>
    <property name="java.vm.version" value="25.312-b07"/>
    <property name="java.ext.dirs" value="/Users/anna/Library/Java/Extensions:/Users/anna/Library/Java/JavaVirtualMachines/corretto-1.8.0_312/Contents/Home/jre/lib/ext:/Library/Java/Extensions:/Network/Library/Java/Extensions:/System/Library/Java/Extensions:/usr/lib/java"/>
    <property name="sun.io.unicode.encoding" value="UnicodeBig"/>
    <property name="java.class.version" value="52.0"/>
    <property name="socksNonProxyHosts" value="local|*.local|169.254/16|*.169.254/16"/>
  </properties>
  <testcase name="shouldAnswerWithTrue" classname="ru.geekbrains.AppTest" time="0.004"/>
</testsuite>